<?xml version="1.0" encoding="UTF-8"?>
<!-- Generated by org.testng.reporters.JUnitReportReporter -->
<testsuite skipped="0" hostname="MOE19" name="SanityTests.electronDemo" tests="1" failures="0" timestamp="18 אפר 2020 12:34:25 GMT" time="0.880" errors="0">
  <testcase name="test02_addAndVerifyNewRowCreated" time="0.880" classname="SanityTests.electronDemo"/>
</testsuite> <!-- SanityTests.electronDemo -->
