<?xml version="1.0" encoding="UTF-8"?>
<!-- Generated by org.testng.reporters.JUnitReportReporter -->
<testsuite skipped="0" hostname="MOE19" name="SanityTests.orangeHRMDB" tests="1" failures="0" timestamp="18 אפר 2020 12:44:23 GMT" time="3.565" errors="0">
  <testcase name="test01_loginDB" time="3.565" classname="SanityTests.orangeHRMDB"/>
</testsuite> <!-- SanityTests.orangeHRMDB -->
