<?xml version="1.0" encoding="UTF-8"?>
<!-- Generated by org.testng.reporters.JUnitReportReporter -->
<testsuite skipped="0" hostname="MOE19" name="SanityTests.grafanaAPI" tests="1" failures="0" timestamp="18 אפר 2020 12:35:13 GMT" time="3.081" errors="0">
  <testcase name="test01_addTeamAndVerify" time="3.081" classname="SanityTests.grafanaAPI"/>
</testsuite> <!-- SanityTests.grafanaAPI -->
