<?xml version="1.0" encoding="UTF-8"?>
<!-- Generated by org.testng.reporters.JUnitReportReporter -->
<testsuite skipped="0" hostname="MOE19" name="Lesson01.WebManager" tests="1" failures="0" timestamp="2020-01-28T19:41:40 IST" time="5.235" errors="0">
  <testcase name="webMng" time="5.235" classname="Lesson01.WebManager"/>
</testsuite> <!-- Lesson01.WebManager -->
